<?xml version="1.0" encoding="UTF-8" ?><testsuite errors="0" name="jasmine.specs" tests="14" failures="0" skipped="0" hostname="localhost" time="0.0" timestamp="2015-12-09T02:52:59"><testcase classname="jasmine" name="tests for retrieving codes should return no code at all, because no code is inputed" time="undefined" failure="false"/><testcase classname="jasmine" name="tests for retrieving codes should return the input code, because the raw code is inputed" time="undefined" failure="false"/><testcase classname="jasmine" name="test-result-analyzer-template.js createURL: Package-level row returns a URL to that package's test report page" time="undefined" failure="false"/><testcase classname="jasmine" name="test-result-analyzer-template.js createURL: Class-level row returns a URL to that class's test report page" time="undefined" failure="false"/><testcase classname="jasmine" name="test-result-analyzer-template.js createURL: Testcase-level row returns a URL to that test case's test report page" time="undefined" failure="false"/><testcase classname="jasmine" name="test-result-analyzer-template.js createURL: Testcases with forward slashes in the name are replaced with underscores in URL" time="undefined" failure="false"/><testcase classname="jasmine" name="differentresults.js addDifferentResultsToList: Does nothing when the statuses are the same" time="undefined" failure="false"/><testcase classname="jasmine" name="differentresults.js addDifferentResultsToList: Adds a new list item when the statuses are different" time="undefined" failure="false"/><testcase classname="jasmine" name="differentresults.js getDiffs: Also returns a list of items that have changed" time="undefined" failure="false"/><testcase classname="jasmine" name="selectdiffresults.js getDiffs: Returns a list of items that have changed: FAILED to PASSED" time="undefined" failure="false"/><testcase classname="jasmine" name="selectdiffresults.js getDiffs: Returns a list of items that have changed: PASSED to FAILED" time="undefined" failure="false"/><testcase classname="jasmine" name="testcodes.js: extractCode where code is not present in snippet, should return null" time="undefined" failure="false"/><testcase classname="jasmine" name="testcodes.js: extractCode where code is present in snippet, testing size of return value" time="undefined" failure="false"/><testcase classname="jasmine" name="testcodes.js: extractCode where code is present in snippet, testing content of return value" time="undefined" failure="false"/></testsuite>